<?xml version="1.0" encoding="UTF-8"?>
<testng-results total="3" passed="3" failed="0" skipped="0">
  <reporter-output>
  </reporter-output>
  <suite started-at="2019-09-05T09:16:47Z" name="Upgrade Test" finished-at="2019-09-05T09:17:28Z" duration-ms="40935">
    <groups>
    </groups>
    <test started-at="2019-09-05T09:16:47Z" name="Test Offer" finished-at="2019-09-05T09:17:28Z" duration-ms="40935">
      <class name="upgradetest.UpgradeAPITests">
        <test-method signature="testStates()[pri:0, instance:upgradetest.UpgradeAPITests@4ff4357f]" started-at="2019-09-05T02:17:27Z" name="testStates" finished-at="2019-09-05T02:17:28Z" duration-ms="1213" status="PASS">
          <reporter-output>
          </reporter-output>
        </test-method> <!-- testStates -->
        <test-method is-config="true" signature="initializeTest()[pri:0, instance:upgradetest.UpgradeAPITests@4ff4357f]" started-at="2019-09-05T02:17:27Z" name="initializeTest" finished-at="2019-09-05T02:17:27Z" duration-ms="0" status="PASS">
          <reporter-output>
          </reporter-output>
        </test-method> <!-- initializeTest -->
      </class> <!-- upgradetest.UpgradeAPITests -->
      <class name="upgradetest.UpgradeUITest">
        <test-method is-config="true" signature="setup()[pri:0, instance:upgradetest.UpgradeUITest@12ed9db6]" started-at="2019-09-05T02:16:46Z" name="setup" finished-at="2019-09-05T02:16:47Z" duration-ms="1472" status="PASS">
          <reporter-output>
          </reporter-output>
        </test-method> <!-- setup -->
        <test-method signature="testCheckRate()[pri:1, instance:upgradetest.UpgradeUITest@12ed9db6]" started-at="2019-09-05T02:16:47Z" name="testCheckRate" finished-at="2019-09-05T02:17:16Z" duration-ms="28928" status="PASS">
          <reporter-output>
          </reporter-output>
        </test-method> <!-- testCheckRate -->
        <test-method signature="loginAndVerify()[pri:2, instance:upgradetest.UpgradeUITest@12ed9db6]" started-at="2019-09-05T02:17:16Z" name="loginAndVerify" finished-at="2019-09-05T02:17:27Z" duration-ms="10650" status="PASS">
          <reporter-output>
          </reporter-output>
        </test-method> <!-- loginAndVerify -->
        <test-method is-config="true" signature="tearDown()[pri:0, instance:upgradetest.UpgradeUITest@12ed9db6]" started-at="2019-09-05T02:17:28Z" name="tearDown" finished-at="2019-09-05T02:17:28Z" duration-ms="137" status="PASS">
          <reporter-output>
          </reporter-output>
        </test-method> <!-- tearDown -->
      </class> <!-- upgradetest.UpgradeUITest -->
    </test> <!-- Test Offer -->
  </suite> <!-- Upgrade Test -->
</testng-results>
