<?xml version="1.0" encoding="UTF-8"?>
<!-- Generated by org.testng.reporters.JUnitXMLReporter -->
<testsuite hostname="LM-SFX-21021278" failures="0" tests="3" name="Test Offer" time="40.935" errors="0" timestamp="5 Sep 2019 09:17:28 GMT">
  <testcase classname="upgradetest.UpgradeUITest" name="testCheckRate" time="28.928"/>
  <testcase classname="upgradetest.UpgradeUITest" name="loginAndVerify" time="10.65"/>
  <testcase classname="upgradetest.UpgradeAPITests" name="testStates" time="1.213"/>
</testsuite> <!-- Test Offer -->
